[debug] [2021-04-05T20:48:44.411Z] ----------------------------------------------------------------------
[debug] [2021-04-05T20:48:44.424Z] Command:       /usr/bin/node /home/kotbi/.npm/bin/firebase init
[debug] [2021-04-05T20:48:44.425Z] CLI Version:   9.8.0
[debug] [2021-04-05T20:48:44.425Z] Platform:      linux
[debug] [2021-04-05T20:48:44.425Z] Node Version:  v12.21.0
[debug] [2021-04-05T20:48:44.426Z] Time:          Mon Apr 05 2021 21:48:44 GMT+0100 (GMT+01:00)
[debug] [2021-04-05T20:48:44.426Z] ----------------------------------------------------------------------
[debug] 
[debug] [2021-04-05T20:48:45.641Z] > command requires scopes: ["email","openid","https://www.googleapis.com/auth/cloudplatformprojects.readonly","https://www.googleapis.com/auth/firebase","https://www.googleapis.com/auth/cloud-platform"]
[debug] [2021-04-05T20:48:45.642Z] > authorizing via signed-in user
[info] 
     ######## #### ########  ######## ########     ###     ######  ########
     ##        ##  ##     ## ##       ##     ##  ##   ##  ##       ##
     ######    ##  ########  ######   ########  #########  ######  ######
     ##        ##  ##    ##  ##       ##     ## ##     ##       ## ##
     ##       #### ##     ## ######## ########  ##     ##  ######  ########

You're about to initialize a Firebase project in this directory:

  /home/kotbi/Documents/Projects/CV

[info] 
=== Project Setup
[info] 
[info] First, let's associate this project directory with a Firebase project.
[info] You can create multiple project aliases by running firebase use --add, 
[info] but for now we'll just set up a default project.
[info] 
[debug] [2021-04-05T20:49:33.728Z] >>> [apiv2][query] GET https://firebase.googleapis.com/v1beta1/projects pageSize=100
[debug] [2021-04-05T20:49:35.382Z] <<< [apiv2][status] GET https://firebase.googleapis.com/v1beta1/projects 200
[debug] [2021-04-05T20:49:35.382Z] <<< [apiv2][body] GET https://firebase.googleapis.com/v1beta1/projects [omitted]
[info] i  Using project simple-html-page (simple-html-page) 
[info] 
=== Hosting Setup
[info] 
[info] Your public directory is the folder (relative to your project directory) that
[info] will contain Hosting assets to be uploaded with firebase deploy. If you
[info] have a build process for your assets, use your build's output directory.
[info] 
[debug] [2021-04-05T20:50:11.369Z] >>> [apiv2][query] GET https://www.gstatic.com/firebasejs/releases.json [none]
[debug] [2021-04-05T20:50:11.946Z] <<< [apiv2][status] GET https://www.gstatic.com/firebasejs/releases.json 200
[debug] [2021-04-05T20:50:11.947Z] <<< [apiv2][body] GET https://www.gstatic.com/firebasejs/releases.json {"current":{"version":"8.3.2","browserURL":"https://www.gstatic.com/firebasejs/8.3.2/firebase.js","packageURL":"https://www.gstatic.com/firebasejs/8.3.2/firebase.tgz"},"live":{"version":"8.3","browserURL":"https://www.gstatic.com/firebasejs/live/8.3/firebase.js","packageURL":"https://www.gstatic.com/firebasejs/live/8.3/firebase.tgz"},"components":{"analytics":"https://www.gstatic.com/firebasejs/8.3.2/firebase-analytics.js","app":"https://www.gstatic.com/firebasejs/8.3.2/firebase-app.js","auth":"https://www.gstatic.com/firebasejs/8.3.2/firebase-auth.js","database":"https://www.gstatic.com/firebasejs/8.3.2/firebase-database.js","firestore":"https://www.gstatic.com/firebasejs/8.3.2/firebase-firestore.js","functions":"https://www.gstatic.com/firebasejs/8.3.2/firebase-functions.js","installations":"https://www.gstatic.com/firebasejs/8.3.2/firebase-installations.js","messaging":"https://www.gstatic.com/firebasejs/8.3.2/firebase-messaging.js","storage":"https://www.gstatic.com/firebasejs/8.3.2/firebase-storage.js","performance":"https://www.gstatic.com/firebasejs/8.3.2/firebase-performance.js","remote-config":"https://www.gstatic.com/firebasejs/8.3.2/firebase-remote-config.js","firestore.memory":"https://www.gstatic.com/firebasejs/8.3.2/firebase-firestore.memory.js"}}
[info] ✔  Wrote public/index.html 
[info] 
[info] i  Didn't detect a .git folder. Assuming /home/kotbi/Documents/Projects/CV is the project root. 
[info] i  Authorizing with GitHub to upload your service account to a GitHub repository's secrets store. 
[info] 
[info] Visit this URL on this device to log in:
[info] https://github.com/login/oauth/authorize?client_id=89cf50f02ac6aaed3484&state=421872260&redirect_uri=http%3A%2F%2Flocalhost%3A9005&scope=read%3Auser%20repo%20public_repo
[info] 
[info] Waiting for authentication...
[debug] [2021-04-05T20:51:10.420Z] >>> HTTP REQUEST POST https://github.com/login/oauth/access_token  
 {"client_id":"89cf50f02ac6aaed3484","client_secret":"3330d14abc895d9a74d5f17cd7a00711fa2c5bf0","code":"d854c726361724d40ea4","redirect_uri":"http://localhost:9005","state":"421872260"}
[debug] [2021-04-05T20:51:11.126Z] <<< HTTP RESPONSE 200 {"server":"GitHub.com","date":"Mon, 05 Apr 2021 20:51:10 GMT","content-type":"application/json; charset=utf-8","transfer-encoding":"chunked","vary":"X-PJAX, Accept-Encoding, Accept, X-Requested-With","etag":"W/\"abdb04cd03799db4c5f1b3a4fd90a863\"","cache-control":"max-age=0, private, must-revalidate","strict-transport-security":"max-age=31536000; includeSubdomains; preload","x-frame-options":"deny","x-content-type-options":"nosniff","x-xss-protection":"0","referrer-policy":"origin-when-cross-origin, strict-origin-when-cross-origin","expect-ct":"max-age=2592000, report-uri=\"https://api.github.com/_private/browser/errors\"","content-security-policy":"default-src 'none'; base-uri 'self'; block-all-mixed-content; connect-src 'self' uploads.github.com www.githubstatus.com collector.githubapp.com api.github.com github-cloud.s3.amazonaws.com github-production-repository-file-5c1aeb.s3.amazonaws.com github-production-upload-manifest-file-7fdce7.s3.amazonaws.com github-production-user-asset-6210df.s3.amazonaws.com cdn.optimizely.com logx.optimizely.com/v1/events wss://alive.github.com; font-src github.githubassets.com; form-action 'self' github.com gist.github.com; frame-ancestors 'none'; frame-src render.githubusercontent.com; img-src 'self' data: github.githubassets.com identicons.github.com collector.githubapp.com github-cloud.s3.amazonaws.com secured-user-images.githubusercontent.com/ *.githubusercontent.com; manifest-src 'self'; media-src 'none'; script-src github.githubassets.com; style-src 'unsafe-inline' github.githubassets.com; worker-src github.com/socket-worker-3f088aa2.js gist.github.com/socket-worker-3f088aa2.js","x-github-request-id":"B09A:FCCF:1EE356F:1FD5EF1:606B783E"}
[debug] [2021-04-05T20:51:12.952Z] >>> [apiv2][query] GET https://api.github.com/user [none]
[debug] [2021-04-05T20:51:13.973Z] <<< [apiv2][status] GET https://api.github.com/user 200
[debug] [2021-04-05T20:51:13.973Z] <<< [apiv2][body] GET https://api.github.com/user {"login":"abdorah","id":37270435,"node_id":"MDQ6VXNlcjM3MjcwNDM1","avatar_url":"https://avatars.githubusercontent.com/u/37270435?v=4","gravatar_id":"","url":"https://api.github.com/users/abdorah","html_url":"https://github.com/abdorah","followers_url":"https://api.github.com/users/abdorah/followers","following_url":"https://api.github.com/users/abdorah/following{/other_user}","gists_url":"https://api.github.com/users/abdorah/gists{/gist_id}","starred_url":"https://api.github.com/users/abdorah/starred{/owner}{/repo}","subscriptions_url":"https://api.github.com/users/abdorah/subscriptions","organizations_url":"https://api.github.com/users/abdorah/orgs","repos_url":"https://api.github.com/users/abdorah/repos","events_url":"https://api.github.com/users/abdorah/events{/privacy}","received_events_url":"https://api.github.com/users/abdorah/received_events","type":"User","site_admin":false,"name":"Kotbi Abderrahmane","company":"ENSIAS","blog":"","location":"Morocco","email":null,"hireable":true,"bio":"CS student.\r\nJava Spring developer.","twitter_username":"KotbiAbderrahm1","public_repos":14,"public_gists":3,"followers":7,"following":11,"created_at":"2018-03-11T15:50:47Z","updated_at":"2021-04-05T20:51:09Z","private_gists":0,"total_private_repos":5,"owned_private_repos":5,"disk_usage":30395,"collaborators":4,"two_factor_authentication":false,"plan":{"name":"pro","space":976562499,"collaborators":0,"private_repos":9999}}
[info] 
[info] ✔  Success! Logged into GitHub as abdorah 
[info] 
